<?xml version="1.0" encoding="UTF-8"?>
<!-- Generated by org.testng.reporters.JUnitXMLReporter -->
<testsuite hostname="DESKTOP-7SSCP5Q" failures="0" tests="4" name="Default test" time="0.018" errors="0" timestamp="10 Jul 2020 13:32:47 GMT">
  <testcase classname="tests.MyAccountPageTest" name="@BeforeSuite startDriver" time="0.0">
    <failure type="org.testng.TestNGException" message="
Parameter &amp;apos;browser&amp;apos; is required by @Configuration on method startDriver but has not been marked @Optional or defined
in C:\Users\lenovo\AppData\Local\Temp\testng-eclipse--963373358\testng-customsuite.xml">
      <![CDATA[org.testng.TestNGException: 
Parameter 'browser' is required by @Configuration on method startDriver but has not been marked @Optional or defined
in C:\Users\lenovo\AppData\Local\Temp\testng-eclipse--963373358\testng-customsuite.xml
	at org.testng.internal.Parameters.createParameters(Parameters.java:155)
	at org.testng.internal.Parameters.createParameters(Parameters.java:358)
	at org.testng.internal.Parameters.createConfigurationParameters(Parameters.java:86)
	at org.testng.internal.Invoker.invokeConfigurations(Invoker.java:199)
	at org.testng.internal.Invoker.invokeConfigurations(Invoker.java:138)
	at org.testng.SuiteRunner.privateRun(SuiteRunner.java:291)
	at org.testng.SuiteRunner.run(SuiteRunner.java:254)
	at org.testng.SuiteRunnerWorker.runSuite(SuiteRunnerWorker.java:52)
	at org.testng.SuiteRunnerWorker.run(SuiteRunnerWorker.java:86)
	at org.testng.TestNG.runSuitesSequentially(TestNG.java:1224)
	at org.testng.TestNG.runSuitesLocally(TestNG.java:1149)
	at org.testng.TestNG.run(TestNG.java:1057)
	at org.testng.remote.AbstractRemoteTestNG.run(AbstractRemoteTestNG.java:115)
	at org.testng.remote.RemoteTestNG.initAndRun(RemoteTestNG.java:251)
	at org.testng.remote.RemoteTestNG.main(RemoteTestNG.java:77)
]]>
    </failure>
  </testcase> <!-- @BeforeSuite startDriver -->
  <testcase classname="tests.MyAccountPageTest" name="UserCanRegisterSuccessfully" time="0.004">
    <skipped/>
  </testcase> <!-- UserCanRegisterSuccessfully -->
  <testcase classname="tests.MyAccountPageTest" name="RegisteredUserCanChangePassword" time="0.0">
    <skipped/>
  </testcase> <!-- RegisteredUserCanChangePassword -->
  <testcase classname="tests.MyAccountPageTest" name="RegisteredUserCanLogout" time="0.0">
    <skipped/>
  </testcase> <!-- RegisteredUserCanLogout -->
  <testcase classname="tests.MyAccountPageTest" name="RegisteredUserCanLogin" time="0.0">
    <skipped/>
  </testcase> <!-- RegisteredUserCanLogin -->
</testsuite> <!-- Default test -->
